d:\learning\second-first\c++project\datastructpro\datastructpro\debug\vc140.pdb
d:\learning\second-first\c++project\datastructpro\datastructpro\debug\vc140.idb
d:\learning\second-first\c++project\datastructpro\datastructpro\debug\calculator.obj
d:\learning\second-first\c++project\datastructpro\datastructpro\debug\mainprogram.obj
d:\learning\second-first\c++project\datastructpro\datastructpro\debug\polynominal.obj
d:\learning\second-first\c++project\datastructpro\datastructpro\debug\seqlist.obj
d:\learning\second-first\c++project\datastructpro\datastructpro\debug\seqqueue.obj
d:\learning\second-first\c++project\datastructpro\datastructpro\debug\seqstack.obj
d:\learning\second-first\c++project\datastructpro\datastructpro\debug\singlelist.obj
d:\learning\second-first\c++project\datastructpro\datastructpro\debug\stacklist.obj
d:\learning\second-first\c++project\datastructpro\datastructpro\debug\term.obj
d:\learning\second-first\c++project\datastructpro\datastructpro\debug\binarytree.obj
d:\learning\second-first\c++project\datastructpro\debug\datastructpro.ilk
d:\learning\second-first\c++project\datastructpro\debug\datastructpro.exe
d:\learning\second-first\c++project\datastructpro\debug\datastructpro.pdb
d:\learning\second-first\c++project\datastructpro\datastructpro\debug\datastructpro.tlog\cl.command.1.tlog
d:\learning\second-first\c++project\datastructpro\datastructpro\debug\datastructpro.tlog\cl.read.1.tlog
d:\learning\second-first\c++project\datastructpro\datastructpro\debug\datastructpro.tlog\cl.write.1.tlog
d:\learning\second-first\c++project\datastructpro\datastructpro\debug\datastructpro.tlog\link.command.1.tlog
d:\learning\second-first\c++project\datastructpro\datastructpro\debug\datastructpro.tlog\link.read.1.tlog
d:\learning\second-first\c++project\datastructpro\datastructpro\debug\datastructpro.tlog\link.write.1.tlog
